{"/home/qais/Stack/Node.js": {"path":"/home/qais/Stack/Node.js","statementMap":{"0":{"start":{"line":3,"column":8},"end":{"line":3,"column":27}},"1":{"start":{"line":4,"column":8},"end":{"line":4,"column":25}},"2":{"start":{"line":5,"column":8},"end":{"line":5,"column":33}},"3":{"start":{"line":10,"column":0},"end":{"line":10,"column":22}}},"fnMap":{"0":{"name":"(anonymous_0)","decl":{"start":{"line":2,"column":4},"end":{"line":2,"column":5}},"loc":{"start":{"line":2,"column":53},"end":{"line":7,"column":5}},"line":2}},"branchMap":{"0":{"loc":{"start":{"line":2,"column":23},"end":{"line":2,"column":34}},"type":"default-arg","locations":[{"start":{"line":2,"column":30},"end":{"line":2,"column":34}}],"line":2},"1":{"loc":{"start":{"line":2,"column":36},"end":{"line":2,"column":51}},"type":"default-arg","locations":[{"start":{"line":2,"column":47},"end":{"line":2,"column":51}}],"line":2}},"s":{"0":10,"1":10,"2":10,"3":2},"f":{"0":10},"b":{"0":[10],"1":[10]},"_coverageSchema":"1a1c01bbd47fc00a2c39e90264f33305004495a9","hash":"0d53121a81a741fdfb29fb4a6bf3635098ccafde"}
,"/home/qais/Stack/Stack.js": {"path":"/home/qais/Stack/Stack.js","statementMap":{"0":{"start":{"line":1,"column":13},"end":{"line":1,"column":30}},"1":{"start":{"line":5,"column":8},"end":{"line":5,"column":24}},"2":{"start":{"line":6,"column":8},"end":{"line":6,"column":31}},"3":{"start":{"line":14,"column":8},"end":{"line":18,"column":9}},"4":{"start":{"line":15,"column":12},"end":{"line":15,"column":24}},"5":{"start":{"line":17,"column":12},"end":{"line":17,"column":25}},"6":{"start":{"line":22,"column":21},"end":{"line":22,"column":36}},"7":{"start":{"line":23,"column":8},"end":{"line":29,"column":9}},"8":{"start":{"line":24,"column":12},"end":{"line":24,"column":28}},"9":{"start":{"line":26,"column":12},"end":{"line":26,"column":33}},"10":{"start":{"line":27,"column":12},"end":{"line":27,"column":37}},"11":{"start":{"line":28,"column":12},"end":{"line":28,"column":28}},"12":{"start":{"line":33,"column":8},"end":{"line":40,"column":9}},"13":{"start":{"line":34,"column":12},"end":{"line":34,"column":35}},"14":{"start":{"line":36,"column":12},"end":{"line":36,"column":39}},"15":{"start":{"line":37,"column":12},"end":{"line":37,"column":41}},"16":{"start":{"line":38,"column":12},"end":{"line":38,"column":33}},"17":{"start":{"line":39,"column":12},"end":{"line":39,"column":44}},"18":{"start":{"line":44,"column":8},"end":{"line":44,"column":30}},"19":{"start":{"line":49,"column":0},"end":{"line":49,"column":23}}},"fnMap":{"0":{"name":"(anonymous_0)","decl":{"start":{"line":4,"column":4},"end":{"line":4,"column":5}},"loc":{"start":{"line":4,"column":18},"end":{"line":8,"column":5}},"line":4},"1":{"name":"(anonymous_1)","decl":{"start":{"line":13,"column":4},"end":{"line":13,"column":5}},"loc":{"start":{"line":13,"column":14},"end":{"line":19,"column":5}},"line":13},"2":{"name":"(anonymous_2)","decl":{"start":{"line":21,"column":4},"end":{"line":21,"column":5}},"loc":{"start":{"line":21,"column":20},"end":{"line":30,"column":5}},"line":21},"3":{"name":"(anonymous_3)","decl":{"start":{"line":32,"column":4},"end":{"line":32,"column":5}},"loc":{"start":{"line":32,"column":14},"end":{"line":41,"column":5}},"line":32},"4":{"name":"(anonymous_4)","decl":{"start":{"line":43,"column":4},"end":{"line":43,"column":5}},"loc":{"start":{"line":43,"column":11},"end":{"line":45,"column":5}},"line":43}},"branchMap":{"0":{"loc":{"start":{"line":14,"column":8},"end":{"line":18,"column":9}},"type":"if","locations":[{"start":{"line":14,"column":8},"end":{"line":18,"column":9}},{"start":{"line":16,"column":15},"end":{"line":18,"column":9}}],"line":14},"1":{"loc":{"start":{"line":23,"column":8},"end":{"line":29,"column":9}},"type":"if","locations":[{"start":{"line":23,"column":8},"end":{"line":29,"column":9}},{"start":{"line":25,"column":15},"end":{"line":29,"column":9}}],"line":23},"2":{"loc":{"start":{"line":33,"column":8},"end":{"line":40,"column":9}},"type":"if","locations":[{"start":{"line":33,"column":8},"end":{"line":40,"column":9}},{"start":{"line":35,"column":15},"end":{"line":40,"column":9}}],"line":33}},"s":{"0":1,"1":4,"2":4,"3":12,"4":4,"5":8,"6":9,"7":9,"8":2,"9":7,"10":7,"11":7,"12":2,"13":1,"14":1,"15":1,"16":1,"17":1,"18":1,"19":1},"f":{"0":4,"1":12,"2":9,"3":2,"4":1},"b":{"0":[4,8],"1":[2,7],"2":[1,1]},"_coverageSchema":"1a1c01bbd47fc00a2c39e90264f33305004495a9","hash":"252431588a93d6277677b0efade692742fa0a993"}
}
