TN:
SF:Node.js
FN:2,(anonymous_0)
FNF:1
FNH:1
FNDA:10,(anonymous_0)
DA:3,10
DA:4,10
DA:5,10
DA:10,2
LF:4
LH:4
BRDA:2,0,0,10
BRDA:2,1,0,10
BRF:2
BRH:2
end_of_record
TN:
SF:Stack.js
FN:4,(anonymous_0)
FN:13,(anonymous_1)
FN:21,(anonymous_2)
FN:32,(anonymous_3)
FN:43,(anonymous_4)
FNF:5
FNH:5
FNDA:4,(anonymous_0)
FNDA:12,(anonymous_1)
FNDA:9,(anonymous_2)
FNDA:2,(anonymous_3)
FNDA:1,(anonymous_4)
DA:1,1
DA:5,4
DA:6,4
DA:14,12
DA:15,4
DA:17,8
DA:22,9
DA:23,9
DA:24,2
DA:26,7
DA:27,7
DA:28,7
DA:33,2
DA:34,1
DA:36,1
DA:37,1
DA:38,1
DA:39,1
DA:44,1
DA:49,1
LF:20
LH:20
BRDA:14,0,0,4
BRDA:14,0,1,8
BRDA:23,1,0,2
BRDA:23,1,1,7
BRDA:33,2,0,1
BRDA:33,2,1,1
BRF:6
BRH:6
end_of_record
